<?xml version="1.0" encoding="UTF-8"?>
<!-- Generated by org.testng.reporters.JUnitReportReporter -->
<testsuite hostname="DESKTOP-G5SBJCF" failures="0" tests="2" name="com.crm.practicetest.CreatingOrgNGTest" time="66.713" errors="0" timestamp="2021-12-28T10:24:36 IST" skipped="0">
  <testcase classname="com.crm.practicetest.CreatingOrgNGTest" name="CreatingOrgNGTest" time="30.950"/>
  <system-out/>
  <testcase classname="com.crm.practicetest.CreatingOrgNGTest" name="CreatingOrgNGTest" time="35.763"/>
  <system-out/>
</testsuite> <!-- com.crm.practicetest.CreatingOrgNGTest -->
