<?xml version="1.0" encoding="UTF-8"?>
<!-- Generated by org.testng.reporters.JUnitReportReporter -->
<testsuite hostname="DESKTOP-G5SBJCF" failures="0" tests="3" name="com.crm.practicetest.DataProviderPracticeTest" time="0.017" errors="0" timestamp="2021-12-24T21:42:39 IST" skipped="0">
  <testcase classname="com.crm.practicetest.DataProviderPracticeTest" name="readDataFromDataProviderTest" time="0.003"/>
  <system-out/>
  <testcase classname="com.crm.practicetest.DataProviderPracticeTest" name="readDataFromDataProviderTest" time="0.012"/>
  <system-out/>
  <testcase classname="com.crm.practicetest.DataProviderPracticeTest" name="readDataFromDataProviderTest" time="0.002"/>
  <system-out/>
</testsuite> <!-- com.crm.practicetest.DataProviderPracticeTest -->
